[13:17:08] Rek.FoodSystem.PlayerDataLoaded to Server
[13:17:08] Message sent from Server.cs to Client.cs: <?xml version="1.0" encoding="utf-16"?>
<PlayerData xmlns:xsd="http://www.w3.org/2001/XMLSchema" xmlns:xsi="http://www.w3.org/2001/XMLSchema-instance">
  <steamid>76561198276430330</steamid>
  <hunger>97.49595</hunger>
  <thirst>92.48782</thirst>
  <fatigue>100</fatigue>
</PlayerData>
[13:17:08] Rek.FoodSystem.PlayerDataLoaded to Client
[13:17:17] Rek.FoodSystem.PlayerDataLoaded to Server
[13:17:17] Message sent from Server.cs to Client.cs: <?xml version="1.0" encoding="utf-16"?>
<PlayerData xmlns:xsd="http://www.w3.org/2001/XMLSchema" xmlns:xsi="http://www.w3.org/2001/XMLSchema-instance">
  <steamid>76561198276430330</steamid>
  <hunger>97.37196</hunger>
  <thirst>92.11587</thirst>
  <fatigue>100</fatigue>
</PlayerData>
[13:17:17] Rek.FoodSystem.PlayerDataLoaded to Client
[13:17:23] Rek.FoodSystem.PlayerDataLoaded to Server
[13:17:23] Message sent from Server.cs to Client.cs: <?xml version="1.0" encoding="utf-16"?>
<PlayerData xmlns:xsd="http://www.w3.org/2001/XMLSchema" xmlns:xsi="http://www.w3.org/2001/XMLSchema-instance">
  <steamid>76561198276430330</steamid>
  <hunger>97.2913742</hunger>
  <thirst>91.87409</thirst>
  <fatigue>100</fatigue>
</PlayerData>
[13:17:23] Rek.FoodSystem.PlayerDataLoaded to Client
[13:17:28] Rek.FoodSystem.PlayerDataLoaded to Server
[13:17:28] Message sent from Server.cs to Client.cs: <?xml version="1.0" encoding="utf-16"?>
<PlayerData xmlns:xsd="http://www.w3.org/2001/XMLSchema" xmlns:xsi="http://www.w3.org/2001/XMLSchema-instance">
  <steamid>76561198276430330</steamid>
  <hunger>97.21703</hunger>
  <thirst>91.65108</thirst>
  <fatigue>100</fatigue>
</PlayerData>
[13:17:28] Rek.FoodSystem.PlayerDataLoaded to Client
[13:17:52] Rek.FoodSystem.PlayerDataLoaded to Server
[13:17:52] Message sent from Server.cs to Client.cs: <?xml version="1.0" encoding="utf-16"?>
<PlayerData xmlns:xsd="http://www.w3.org/2001/XMLSchema" xmlns:xsi="http://www.w3.org/2001/XMLSchema-instance">
  <steamid>76561198276430330</steamid>
  <hunger>96.8865356</hunger>
  <thirst>90.65958</thirst>
  <fatigue>100</fatigue>
</PlayerData>
[13:17:52] Rek.FoodSystem.PlayerDataLoaded to Client
[13:17:57] Rek.FoodSystem.PlayerDataLoaded to Server
[13:17:57] Message sent from Server.cs to Client.cs: <?xml version="1.0" encoding="utf-16"?>
<PlayerData xmlns:xsd="http://www.w3.org/2001/XMLSchema" xmlns:xsi="http://www.w3.org/2001/XMLSchema-instance">
  <steamid>76561198276430330</steamid>
  <hunger>96.81773</hunger>
  <thirst>90.45316</thirst>
  <fatigue>100</fatigue>
</PlayerData>
[13:17:57] Rek.FoodSystem.PlayerDataLoaded to Client
[13:18:02] Rek.FoodSystem.PlayerDataLoaded to Server
[13:18:02] Message sent from Server.cs to Client.cs: <?xml version="1.0" encoding="utf-16"?>
<PlayerData xmlns:xsd="http://www.w3.org/2001/XMLSchema" xmlns:xsi="http://www.w3.org/2001/XMLSchema-instance">
  <steamid>76561198276430330</steamid>
  <hunger>96.74603</hunger>
  <thirst>90.23806</thirst>
  <fatigue>100</fatigue>
</PlayerData>
[13:18:02] Rek.FoodSystem.PlayerDataLoaded to Client
[13:18:07] Rek.FoodSystem.PlayerDataLoaded to Server
[13:18:07] Message sent from Server.cs to Client.cs: <?xml version="1.0" encoding="utf-16"?>
<PlayerData xmlns:xsd="http://www.w3.org/2001/XMLSchema" xmlns:xsi="http://www.w3.org/2001/XMLSchema-instance">
  <steamid>76561198276430330</steamid>
  <hunger>96.67653</hunger>
  <thirst>90.02954</thirst>
  <fatigue>100</fatigue>
</PlayerData>
[13:18:07] Rek.FoodSystem.PlayerDataLoaded to Client
[13:18:13] Rek.FoodSystem.PlayerDataLoaded to Server
[13:18:13] Message sent from Server.cs to Client.cs: <?xml version="1.0" encoding="utf-16"?>
<PlayerData xmlns:xsd="http://www.w3.org/2001/XMLSchema" xmlns:xsi="http://www.w3.org/2001/XMLSchema-instance">
  <steamid>76561198276430330</steamid>
  <hunger>96.59812</hunger>
  <thirst>89.79432</thirst>
  <fatigue>100</fatigue>
</PlayerData>
[13:18:13] Rek.FoodSystem.PlayerDataLoaded to Client
[13:18:18] Rek.FoodSystem.PlayerDataLoaded to Server
[13:18:18] Message sent from Server.cs to Client.cs: <?xml version="1.0" encoding="utf-16"?>
<PlayerData xmlns:xsd="http://www.w3.org/2001/XMLSchema" xmlns:xsi="http://www.w3.org/2001/XMLSchema-instance">
  <steamid>76561198276430330</steamid>
  <hunger>96.52874</hunger>
  <thirst>89.58617</thirst>
  <fatigue>100</fatigue>
</PlayerData>
[13:18:18] Rek.FoodSystem.PlayerDataLoaded to Client
[13:18:23] Rek.FoodSystem.PlayerDataLoaded to Server
[13:18:24] Message sent from Server.cs to Client.cs: <?xml version="1.0" encoding="utf-16"?>
<PlayerData xmlns:xsd="http://www.w3.org/2001/XMLSchema" xmlns:xsi="http://www.w3.org/2001/XMLSchema-instance">
  <steamid>76561198276430330</steamid>
  <hunger>96.45926</hunger>
  <thirst>89.37772</thirst>
  <fatigue>100</fatigue>
</PlayerData>
[13:18:24] Rek.FoodSystem.PlayerDataLoaded to Client
[13:18:29] Rek.FoodSystem.PlayerDataLoaded to Server
[13:18:29] Message sent from Server.cs to Client.cs: <?xml version="1.0" encoding="utf-16"?>
<PlayerData xmlns:xsd="http://www.w3.org/2001/XMLSchema" xmlns:xsi="http://www.w3.org/2001/XMLSchema-instance">
  <steamid>76561198276430330</steamid>
  <hunger>96.38986</hunger>
  <thirst>89.1695251</thirst>
  <fatigue>100</fatigue>
</PlayerData>
[13:18:29] Rek.FoodSystem.PlayerDataLoaded to Client
[13:18:36] Rek.FoodSystem.PlayerDataLoaded to Server
[13:18:36] Message sent from Server.cs to Client.cs: <?xml version="1.0" encoding="utf-16"?>
<PlayerData xmlns:xsd="http://www.w3.org/2001/XMLSchema" xmlns:xsi="http://www.w3.org/2001/XMLSchema-instance">
  <steamid>76561198276430330</steamid>
  <hunger>96.2872</hunger>
  <thirst>88.86155</thirst>
  <fatigue>100</fatigue>
</PlayerData>
[13:18:36] Rek.FoodSystem.PlayerDataLoaded to Client
[13:18:42] Rek.FoodSystem.PlayerDataLoaded to Server
[13:18:42] Message sent from Server.cs to Client.cs: <?xml version="1.0" encoding="utf-16"?>
<PlayerData xmlns:xsd="http://www.w3.org/2001/XMLSchema" xmlns:xsi="http://www.w3.org/2001/XMLSchema-instance">
  <steamid>76561198276430330</steamid>
  <hunger>96.2085953</hunger>
  <thirst>88.62574</thirst>
  <fatigue>100</fatigue>
</PlayerData>
[13:18:42] Rek.FoodSystem.PlayerDataLoaded to Client
[13:18:48] Rek.FoodSystem.PlayerDataLoaded to Server
[13:18:48] Message sent from Server.cs to Client.cs: <?xml version="1.0" encoding="utf-16"?>
<PlayerData xmlns:xsd="http://www.w3.org/2001/XMLSchema" xmlns:xsi="http://www.w3.org/2001/XMLSchema-instance">
  <steamid>76561198276430330</steamid>
  <hunger>96.11304</hunger>
  <thirst>88.33907</thirst>
  <fatigue>100</fatigue>
</PlayerData>
[13:18:48] Rek.FoodSystem.PlayerDataLoaded to Client
